2025-01-28T16:28:15.915+01:00  INFO 61681 --- [BetaGames] [restartedMain] com.betagames.BetaGamesApplication       : Starting BetaGamesApplication using Java 22.0.2 with PID 61681 (/home/vattelappesca/Documenti/GitHub/betagames/BetaGames/target/classes started by vattelappesca in /home/vattelappesca/Documenti/GitHub/betagames/BetaGames)
2025-01-28T16:28:15.916+01:00 DEBUG 61681 --- [BetaGames] [restartedMain] com.betagames.BetaGamesApplication       : Running with Spring Boot v3.4.2, Spring v6.2.2
2025-01-28T16:28:15.917+01:00  INFO 61681 --- [BetaGames] [restartedMain] com.betagames.BetaGamesApplication       : No active profile set, falling back to 1 default profile: "default"
2025-01-28T16:28:15.962+01:00  INFO 61681 --- [BetaGames] [restartedMain] .e.DevToolsPropertyDefaultsPostProcessor : Devtools property defaults active! Set 'spring.devtools.add-properties' to 'false' to disable
2025-01-28T16:28:16.330+01:00  INFO 61681 --- [BetaGames] [restartedMain] .s.d.r.c.RepositoryConfigurationDelegate : Bootstrapping Spring Data JPA repositories in DEFAULT mode.
2025-01-28T16:28:16.352+01:00  INFO 61681 --- [BetaGames] [restartedMain] .s.d.r.c.RepositoryConfigurationDelegate : Finished Spring Data repository scanning in 13 ms. Found 0 JPA repository interfaces.
2025-01-28T16:28:16.681+01:00  INFO 61681 --- [BetaGames] [restartedMain] com.zaxxer.hikari.HikariDataSource       : HikariPool-1 - Starting...
2025-01-28T16:28:17.004+01:00  INFO 61681 --- [BetaGames] [restartedMain] com.zaxxer.hikari.pool.HikariPool        : HikariPool-1 - Added connection com.mysql.cj.jdbc.ConnectionImpl@4ddceae3
2025-01-28T16:28:17.007+01:00  INFO 61681 --- [BetaGames] [restartedMain] com.zaxxer.hikari.HikariDataSource       : HikariPool-1 - Start completed.
2025-01-28T16:28:17.055+01:00  INFO 61681 --- [BetaGames] [restartedMain] o.hibernate.jpa.internal.util.LogHelper  : HHH000204: Processing PersistenceUnitInfo [name: default]
2025-01-28T16:28:17.095+01:00  INFO 61681 --- [BetaGames] [restartedMain] org.hibernate.Version                    : HHH000412: Hibernate ORM core version 6.6.5.Final
2025-01-28T16:28:17.127+01:00  INFO 61681 --- [BetaGames] [restartedMain] o.h.c.internal.RegionFactoryInitiator    : HHH000026: Second-level cache disabled
2025-01-28T16:28:17.356+01:00  INFO 61681 --- [BetaGames] [restartedMain] o.s.o.j.p.SpringPersistenceUnitInfo      : No LoadTimeWeaver setup: ignoring JPA class transformer
2025-01-28T16:28:17.458+01:00  INFO 61681 --- [BetaGames] [restartedMain] org.hibernate.orm.connections.pooling    : HHH10001005: Database info:
	Database JDBC URL [Connecting through datasource 'HikariDataSource (HikariPool-1)']
	Database driver: undefined/unknown
	Database version: 8.4.3
	Autocommit mode: undefined/unknown
	Isolation level: undefined/unknown
	Minimum pool size: undefined/unknown
	Maximum pool size: undefined/unknown
2025-01-28T16:28:18.121+01:00  INFO 61681 --- [BetaGames] [restartedMain] o.h.e.t.j.p.i.JtaPlatformInitiator       : HHH000489: No JTA platform available (set 'hibernate.transaction.jta.platform' to enable JTA platform integration)
2025-01-28T16:28:18.145+01:00  INFO 61681 --- [BetaGames] [restartedMain] j.LocalContainerEntityManagerFactoryBean : Initialized JPA EntityManagerFactory for persistence unit 'default'
2025-01-28T16:28:18.328+01:00  INFO 61681 --- [BetaGames] [restartedMain] o.s.b.d.a.OptionalLiveReloadServer       : LiveReload server is running on port 35729
2025-01-28T16:28:18.366+01:00  INFO 61681 --- [BetaGames] [restartedMain] com.betagames.BetaGamesApplication       : Started BetaGamesApplication in 2.849 seconds (process running for 3.336)
2025-01-28T16:28:18.376+01:00  INFO 61681 --- [BetaGames] [SpringApplicationShutdownHook] j.LocalContainerEntityManagerFactoryBean : Closing JPA EntityManagerFactory for persistence unit 'default'
2025-01-28T16:28:18.380+01:00  INFO 61681 --- [BetaGames] [SpringApplicationShutdownHook] com.zaxxer.hikari.HikariDataSource       : HikariPool-1 - Shutdown initiated...
2025-01-28T16:28:18.387+01:00  INFO 61681 --- [BetaGames] [SpringApplicationShutdownHook] com.zaxxer.hikari.HikariDataSource       : HikariPool-1 - Shutdown completed.
